<?xml version="1.0" encoding="UTF-8"?>
<!-- Generated by org.testng.reporters.JUnitReportReporter -->
<testsuite hostname="PNQ1-LP8C5SX33" failures="0" tests="1" name="Examples.Test1" time="2.611" errors="0" timestamp="2021-09-06T16:52:35 IST" skipped="0">
  <testcase classname="Examples.Test1" name="testEx" time="2.611"/>
  <system-out/>
</testsuite> <!-- Examples.Test1 -->
