<?xml version="1.0" encoding="UTF-8"?>
<!-- Generated by org.testng.reporters.JUnitReportReporter -->
<testsuite hostname="PNQ1-LP8C5SX33" failures="0" tests="1" name="Examples.MockPractice1" time="2.295" errors="0" timestamp="2021-09-11T17:54:38 IST" skipped="0">
  <testcase classname="Examples.MockPractice1" name="practice" time="2.295"/>
  <system-out/>
</testsuite> <!-- Examples.MockPractice1 -->
