<?xml version="1.0" encoding="UTF-8"?>
<!-- Generated by org.testng.reporters.JUnitReportReporter -->
<testsuite hostname="PNQ1-LP8C5SX33" failures="0" tests="1" name="Examples.PostSample" time="4.615" errors="0" timestamp="2021-09-14T14:21:18 IST" skipped="0">
  <testcase classname="Examples.PostSample" name="postreq" time="4.615"/>
  <system-out/>
</testsuite> <!-- Examples.PostSample -->
