<?xml version="1.0" encoding="UTF-8"?>
<!-- Generated by org.testng.reporters.JUnitReportReporter -->
<testsuite hostname="PNQ1-LP8C5SX33" failures="0" tests="1" name="Post.Post_RS" time="2.352" errors="0" timestamp="2021-09-11T11:46:08 IST" skipped="0">
  <testcase classname="Post.Post_RS" name="testPost" time="2.352"/>
  <system-out/>
</testsuite> <!-- Post.Post_RS -->
