<?xml version="1.0" encoding="UTF-8"?>
<!-- Generated by org.testng.reporters.JUnitReportReporter -->
<testsuite hostname="PNQ1-LP8C5SX33" failures="0" tests="1" name="HeaderValidate.HeaderFetch" time="5.040" errors="0" timestamp="2021-10-03T16:04:31 IST" skipped="0">
  <testcase classname="HeaderValidate.HeaderFetch" name="getALlHeadersFromResponse" time="5.040"/>
  <system-out/>
</testsuite> <!-- HeaderValidate.HeaderFetch -->
