<?xml version="1.0" encoding="UTF-8"?>
<!-- Generated by org.testng.reporters.JUnitReportReporter -->
<testsuite hostname="PNQ1-LP8C5SX33" failures="0" tests="1" name="SpecBuilderTest.SpecBuilder_Response" time="2.144" errors="0" timestamp="2021-09-14T09:47:19 IST" skipped="0">
  <testcase classname="SpecBuilderTest.SpecBuilder_Response" name="specRes" time="2.144"/>
  <system-out/>
</testsuite> <!-- SpecBuilderTest.SpecBuilder_Response -->
