<?xml version="1.0" encoding="UTF-8"?>
<!-- Generated by org.testng.reporters.JUnitReportReporter -->
<testsuite hostname="PNQ1-LP8C5SX33" failures="0" tests="1" name="Examples.NonParametarizedPayloadPost" time="2.610" errors="0" timestamp="2021-09-11T19:26:43 IST" skipped="0">
  <testcase classname="Examples.NonParametarizedPayloadPost" name="nonPar" time="2.610"/>
  <system-out/>
</testsuite> <!-- Examples.NonParametarizedPayloadPost -->
