<?xml version="1.0" encoding="UTF-8"?>
<!-- Generated by org.testng.reporters.JUnitReportReporter -->
<testsuite hostname="PNQ1-LP8C5SX33" failures="0" tests="1" name="Get.GetSample" time="8.790" errors="0" timestamp="2021-11-02T18:47:17 IST" skipped="0">
  <testcase classname="Get.GetSample" name="getOne" time="8.790"/>
  <system-out/>
</testsuite> <!-- Get.GetSample -->
