<?xml version="1.0" encoding="UTF-8"?>
<!-- Generated by org.testng.reporters.JUnitReportReporter -->
<testsuite hostname="PNQ1-LP8C5SX33" failures="0" tests="1" name="SpecBuilderTest.SpecBuilder" time="4.474" errors="0" timestamp="2021-09-13T22:41:32 IST" skipped="0">
  <testcase classname="SpecBuilderTest.SpecBuilder" name="specB" time="4.474"/>
  <system-out/>
</testsuite> <!-- SpecBuilderTest.SpecBuilder -->
