<?xml version="1.0" encoding="UTF-8"?>
<!-- Generated by org.testng.reporters.JUnitReportReporter -->
<testsuite hostname="PNQ1-LP8C5SX33" failures="0" tests="1" name="Examples.PutPatchDelete" time="4.502" errors="0" timestamp="2021-09-06T18:27:42 IST" skipped="0">
  <testcase classname="Examples.PutPatchDelete" name="test3" time="4.502"/>
  <system-out/>
</testsuite> <!-- Examples.PutPatchDelete -->
