<?xml version="1.0" encoding="UTF-8"?>
<!-- Generated by org.testng.reporters.JUnitReportReporter -->
<testsuite hostname="PNQ1-LP8C5SX33" failures="0" tests="1" name="Jira.Login" time="2.500" errors="0" timestamp="2021-09-12T13:15:42 IST" skipped="0">
  <testcase classname="Jira.Login" name="LogIn" time="2.500"/>
  <system-out/>
</testsuite> <!-- Jira.Login -->
