<?xml version="1.0" encoding="UTF-8"?>
<!-- Generated by org.testng.reporters.JUnitReportReporter -->
<testsuite hostname="PNQ1-LP8C5SX33" failures="0" tests="1" name="Examples.ReadJSONfromExternalFile" time="4.187" errors="0" timestamp="2021-09-11T22:25:30 IST" skipped="0">
  <testcase classname="Examples.ReadJSONfromExternalFile" name="param" time="4.187"/>
  <system-out/>
</testsuite> <!-- Examples.ReadJSONfromExternalFile -->
