<?xml version="1.0" encoding="UTF-8"?>
<!-- Generated by org.testng.reporters.JUnitReportReporter -->
<testsuite hostname="PNQ1-LP8C5SX33" failures="0" tests="1" name="EndToEnd.PlaceIdVerify" time="8.471" errors="0" timestamp="2021-09-11T14:47:33 IST" skipped="0">
  <testcase classname="EndToEnd.PlaceIdVerify" name="endtend" time="8.471"/>
  <system-out/>
</testsuite> <!-- EndToEnd.PlaceIdVerify -->
