<?xml version="1.0" encoding="UTF-8"?>
<!-- Generated by org.testng.reporters.JUnitReportReporter -->
<testsuite hostname="PNQ1-LP8C5SX33" failures="0" tests="1" name="Examples.Test2" time="3.141" errors="0" timestamp="2021-09-06T17:59:38 IST" skipped="0">
  <testcase classname="Examples.Test2" name="testCase1" time="3.141"/>
  <system-out/>
</testsuite> <!-- Examples.Test2 -->
