<?xml version="1.0" encoding="UTF-8"?>
<!-- Generated by org.testng.reporters.JUnitReportReporter -->
<testsuite hostname="PNQ1-LP8C5SX33" failures="0" tests="1" name="Examples.GetSample" time="8.285" errors="0" timestamp="2021-10-02T18:55:03 IST" skipped="0">
  <testcase classname="Examples.GetSample" name="getOne" time="8.285"/>
  <system-out/>
</testsuite> <!-- Examples.GetSample -->
