<?xml version="1.0" encoding="UTF-8"?>
<!-- Generated by org.testng.reporters.JUnitReportReporter -->
<testsuite hostname="PNQ1-LP8C5SX33" failures="0" tests="1" name="Examples.TestOnLocalAPI_DELETE" time="1.229" errors="0" timestamp="2021-09-07T09:01:01 IST" skipped="0">
  <testcase classname="Examples.TestOnLocalAPI_DELETE" name="PostThenDelete" time="1.229"/>
  <system-out/>
</testsuite> <!-- Examples.TestOnLocalAPI_DELETE -->
