<?xml version="1.0" encoding="UTF-8"?>
<!-- Generated by org.testng.reporters.JUnitReportReporter -->
<testsuite hostname="PNQ1-LP8C5SX33" failures="0" tests="1" name="SerializePOJO.SerializeEx" time="4.778" errors="0" timestamp="2021-09-13T20:05:26 IST" skipped="0">
  <testcase classname="SerializePOJO.SerializeEx" name="ser" time="4.778"/>
  <system-out/>
</testsuite> <!-- SerializePOJO.SerializeEx -->
