<?xml version="1.0" encoding="UTF-8"?>
<!-- Generated by org.testng.reporters.JUnitReportReporter -->
<testsuite hostname="PNQ1-LP8C5SX33" failures="0" tests="1" name="Examples.TestOnLocalAPI_PUT_PATCH" time="1.198" errors="0" timestamp="2021-09-07T08:27:38 IST" skipped="0">
  <testcase classname="Examples.TestOnLocalAPI_PUT_PATCH" name="patchReq" time="1.198"/>
  <system-out/>
</testsuite> <!-- Examples.TestOnLocalAPI_PUT_PATCH -->
