<?xml version="1.0" encoding="UTF-8"?>
<!-- Generated by org.testng.reporters.JUnitReportReporter -->
<testsuite hostname="PNQ1-LP8C5SX33" failures="0" tests="1" name="Examples.GetRequests" time="5.163" errors="0" timestamp="2021-09-06T18:03:53 IST" skipped="0">
  <testcase classname="Examples.GetRequests" name="testEx" time="5.163"/>
  <system-out/>
</testsuite> <!-- Examples.GetRequests -->
