<?xml version="1.0" encoding="UTF-8"?>
<!-- Generated by org.testng.reporters.JUnitReportReporter -->
<testsuite hostname="PNQ1-LP8C5SX33" failures="0" tests="1" name="Examples.PostSample" time="6.720" errors="0" timestamp="2021-10-02T19:32:13 IST" skipped="0">
  <testcase classname="Examples.PostSample" name="postreq" time="6.720"/>
  <system-out/>
</testsuite> <!-- Examples.PostSample -->
