<?xml version="1.0" encoding="UTF-8"?>
<!-- Generated by org.testng.reporters.JUnitReportReporter -->
<testsuite hostname="PNQ1-LP8C5SX33" failures="0" tests="1" name="Jira.AddComment" time="6.245" errors="0" timestamp="2021-09-12T16:18:12 IST" skipped="0">
  <testcase classname="Jira.AddComment" name="add" time="6.245"/>
  <system-out/>
</testsuite> <!-- Jira.AddComment -->
