<?xml version="1.0" encoding="UTF-8"?>
<!-- Generated by org.testng.reporters.JUnitReportReporter -->
<testsuite hostname="PNQ1-LP8C5SX33" failures="0" tests="1" name="Examples.TestOnLocalAPI_POST" time="1.193" errors="0" timestamp="2021-09-07T07:49:16 IST" skipped="0">
  <testcase classname="Examples.TestOnLocalAPI_POST" name="PostReq" time="1.193"/>
  <system-out/>
</testsuite> <!-- Examples.TestOnLocalAPI_POST -->
